<?xml version="1.0" encoding="UTF-8"?>
<!-- Generated by org.testng.reporters.JUnitReportReporter -->
<testsuite hostname="vsoft-moh2" failures="0" tests="7" name="farzana.zigattacodechallenge.test.LongestWordsParserTest" time="0.035" errors="0" timestamp="10 Nov 2018 23:37:59 GMT" skipped="0">
  <testcase classname="farzana.zigattacodechallenge.test.LongestWordsParserTest" name="test_Longest_Words" time="0.003"/>
  <testcase classname="farzana.zigattacodechallenge.test.LongestWordsParserTest" name="test_Longest_Words" time="0.003"/>
  <testcase classname="farzana.zigattacodechallenge.test.LongestWordsParserTest" name="test_Longest_Words" time="0.003"/>
  <testcase classname="farzana.zigattacodechallenge.test.LongestWordsParserTest" name="test_Longest_Words" time="0.009"/>
  <testcase classname="farzana.zigattacodechallenge.test.LongestWordsParserTest" name="test_Longest_Words" time="0.003"/>
  <testcase classname="farzana.zigattacodechallenge.test.LongestWordsParserTest" name="test_Longest_Words" time="0.012"/>
  <testcase classname="farzana.zigattacodechallenge.test.LongestWordsParserTest" name="test_Longest_Words" time="0.002"/>
</testsuite> <!-- farzana.zigattacodechallenge.test.LongestWordsParserTest -->
