<?xml version="1.0" encoding="UTF-8"?>
<!-- Generated by org.testng.reporters.JUnitReportReporter -->
<testsuite hostname="vsoft-moh2" failures="0" tests="7" name="farzana.zigattacodechallenge.test.LongestWordsParserTest" time="0.034" errors="0" timestamp="10 Nov 2018 23:08:56 GMT" skipped="0">
  <testcase classname="farzana.zigattacodechallenge.test.LongestWordsParserTest" name="test_Longest_Words" time="0.003"/>
  <testcase classname="farzana.zigattacodechallenge.test.LongestWordsParserTest" name="test_Longest_Words" time="0.002"/>
  <testcase classname="farzana.zigattacodechallenge.test.LongestWordsParserTest" name="test_Longest_Words" time="0.004"/>
  <testcase classname="farzana.zigattacodechallenge.test.LongestWordsParserTest" name="test_Longest_Words" time="0.011"/>
  <testcase classname="farzana.zigattacodechallenge.test.LongestWordsParserTest" name="test_Longest_Words" time="0.001"/>
  <testcase classname="farzana.zigattacodechallenge.test.LongestWordsParserTest" name="test_Longest_Words" time="0.011"/>
  <testcase classname="farzana.zigattacodechallenge.test.LongestWordsParserTest" name="test_Longest_Words" time="0.002"/>
</testsuite> <!-- farzana.zigattacodechallenge.test.LongestWordsParserTest -->
